Using pre-set license
Built from '2020.3/staging' branch; Version is '2020.3.9f1 (108be757e447) revision 1084391'; Using compiler version '192528614'; Build Type 'Release'
OS: 'Windows 10 Pro; OS build 19043.1165; Version 2009; 64bit' Language: 'pl' Physical Memory: 16303 MB
BatchMode: 1, IsHumanControllingUs: 0, StartBugReporterOnCrash: 0, Is64bit: 1, IsPro: 0

 COMMAND LINE ARGUMENTS:
C:\Program Files\Unity\Hub\Editor\2020.3.9f1\Editor\Unity.exe
-adb2
-batchMode
-noUpm
-name
AssetImportWorker0
-projectPath
D:/Projekty Unity/Visualization-Of-Sorting-Algorithms
-logFile
Logs/AssetImportWorker0.log
-srvPort
59682
Successfully changed project path to: D:/Projekty Unity/Visualization-Of-Sorting-Algorithms
D:/Projekty Unity/Visualization-Of-Sorting-Algorithms
Using Asset Import Pipeline V2.
Refreshing native plugins compatible for Editor in 39.46 ms, found 0 plugins.
Preloading 0 native plugins for Editor in 0.00 ms.
Initialize engine version: 2020.3.9f1 (108be757e447)
[Subsystems] Discovering subsystems at path C:/Program Files/Unity/Hub/Editor/2020.3.9f1/Editor/Data/Resources/UnitySubsystems
[Subsystems] Discovering subsystems at path D:/Projekty Unity/Visualization-Of-Sorting-Algorithms/Assets
GfxDevice: creating device client; threaded=0
Direct3D:
    Version:  Direct3D 11.0 [level 11.1]
    Renderer: NVIDIA GeForce GTX 1660 Ti (ID=0x2191)
    Vendor:   
    VRAM:     5991 MB
    Driver:   27.21.14.6647
Initialize mono
Mono path[0] = 'C:/Program Files/Unity/Hub/Editor/2020.3.9f1/Editor/Data/Managed'
Mono path[1] = 'C:/Program Files/Unity/Hub/Editor/2020.3.9f1/Editor/Data/MonoBleedingEdge/lib/mono/unityjit'
Mono config path = 'C:/Program Files/Unity/Hub/Editor/2020.3.9f1/Editor/Data/MonoBleedingEdge/etc'
Using monoOptions --debugger-agent=transport=dt_socket,embedding=1,server=y,suspend=n,address=127.0.0.1:56700
Begin MonoManager ReloadAssembly
Registering precompiled unity dll's ...
Register platform support module: C:/Program Files/Unity/Hub/Editor/2020.3.9f1/Editor/Data/PlaybackEngines/WindowsStandaloneSupport/UnityEditor.WindowsStandalone.Extensions.dll
Registered in 0.001839 seconds.
Native extension for WindowsStandalone target not found
Refreshing native plugins compatible for Editor in 40.43 ms, found 0 plugins.
Preloading 0 native plugins for Editor in 0.00 ms.
Mono: successfully reloaded assembly
- Completed reload, in  1.617 seconds
Platform modules already initialized, skipping
Registering precompiled user dll's ...
Registered in 0.001014 seconds.
Begin MonoManager ReloadAssembly
Native extension for WindowsStandalone target not found
Refreshing native plugins compatible for Editor in 40.00 ms, found 0 plugins.
Preloading 0 native plugins for Editor in 0.00 ms.
Mono: successfully reloaded assembly
- Completed reload, in  1.368 seconds
Platform modules already initialized, skipping
========================================================================
Worker process is ready to serve import requests
Shader 'Universal Render Pipeline/Particles/Lit': fallback shader 'Universal Render Pipeline/Particles/SimpleLit' not found
Shader 'Universal Render Pipeline/Particles/Lit': fallback shader 'Universal Render Pipeline/Particles/SimpleLit' not found
Launched and connected shader compiler UnityShaderCompiler.exe after 0.04 seconds
Refreshing native plugins compatible for Editor in 0.38 ms, found 0 plugins.
Preloading 0 native plugins for Editor in 0.00 ms.
Unloading 2659 Unused Serialized files (Serialized files now loaded: 0)
System memory in use before: 124.9 MB.
System memory in use after: 122.1 MB.

Unloading 46 unused Assets to reduce memory usage. Loaded Objects now: 3069.
Total: 4.033600 ms (FindLiveObjects: 0.221500 ms CreateObjectMapping: 0.094500 ms MarkObjects: 2.560900 ms  DeleteObjects: 1.155700 ms)

========================================================================
Received Import Request.
  path: Assets/VisualizationOfSortings/Scripts/Characters/RigController.cs
  artifactKey: Guid(3de289ff0fa5c154ebc0ca0b12018535) Importer(815301076,1909f56bfc062723c751e8b465ee728b)
Start importing Assets/VisualizationOfSortings/Scripts/Characters/RigController.cs using Guid(3de289ff0fa5c154ebc0ca0b12018535) Importer(815301076,1909f56bfc062723c751e8b465ee728b)  -> (artifact id: '8cf9defa7bb1cec6785fd513f2f856c9') in 0.027100 seconds
  Import took 0.044463 seconds .

========================================================================
Received Prepare
Registering precompiled user dll's ...
Registered in 0.001197 seconds.
Begin MonoManager ReloadAssembly
Native extension for WindowsStandalone target not found
Refreshing native plugins compatible for Editor in 0.40 ms, found 0 plugins.
Preloading 0 native plugins for Editor in 0.00 ms.
Mono: successfully reloaded assembly
- Completed reload, in  0.930 seconds
Platform modules already initialized, skipping
Shader 'Universal Render Pipeline/Particles/Lit': fallback shader 'Universal Render Pipeline/Particles/SimpleLit' not found
Shader 'Universal Render Pipeline/Particles/Lit': fallback shader 'Universal Render Pipeline/Particles/SimpleLit' not found
Refreshing native plugins compatible for Editor in 0.40 ms, found 0 plugins.
Preloading 0 native plugins for Editor in 0.00 ms.
Unloading 2582 Unused Serialized files (Serialized files now loaded: 0)
System memory in use before: 121.1 MB.
System memory in use after: 118.3 MB.

Unloading 41 unused Assets to reduce memory usage. Loaded Objects now: 3072.
Total: 4.018700 ms (FindLiveObjects: 0.243600 ms CreateObjectMapping: 0.109100 ms MarkObjects: 2.453600 ms  DeleteObjects: 1.211600 ms)

========================================================================
Received Import Request.
  Time since last request: 320.475167 seconds.
  path: Assets/VisualizationOfSortings/Scripts/Characters/CharacterController.cs
  artifactKey: Guid(b2fac05aacbf50047bfe3b0b85254588) Importer(815301076,1909f56bfc062723c751e8b465ee728b)
Start importing Assets/VisualizationOfSortings/Scripts/Characters/CharacterController.cs using Guid(b2fac05aacbf50047bfe3b0b85254588) Importer(815301076,1909f56bfc062723c751e8b465ee728b)  -> (artifact id: '21c0ddd75d1ce593ba4dfd0830a1987c') in 0.003628 seconds
  Import took 0.022579 seconds .

========================================================================
Received Prepare
Registering precompiled user dll's ...
Registered in 0.001043 seconds.
Begin MonoManager ReloadAssembly
Native extension for WindowsStandalone target not found
Refreshing native plugins compatible for Editor in 0.37 ms, found 0 plugins.
Preloading 0 native plugins for Editor in 0.00 ms.
Mono: successfully reloaded assembly
- Completed reload, in  0.915 seconds
Platform modules already initialized, skipping
Shader 'Universal Render Pipeline/Particles/Lit': fallback shader 'Universal Render Pipeline/Particles/SimpleLit' not found
Shader 'Universal Render Pipeline/Particles/Lit': fallback shader 'Universal Render Pipeline/Particles/SimpleLit' not found
Refreshing native plugins compatible for Editor in 0.41 ms, found 0 plugins.
Preloading 0 native plugins for Editor in 0.00 ms.
Unloading 2582 Unused Serialized files (Serialized files now loaded: 0)
System memory in use before: 121.1 MB.
System memory in use after: 118.4 MB.

Unloading 41 unused Assets to reduce memory usage. Loaded Objects now: 3075.
Total: 4.212800 ms (FindLiveObjects: 0.214400 ms CreateObjectMapping: 0.086700 ms MarkObjects: 2.684400 ms  DeleteObjects: 1.226600 ms)

========================================================================
Received Import Request.
  Time since last request: 178.550787 seconds.
  path: Assets/VisualizationOfSortings/Scripts/Characters/mParent.cs
  artifactKey: Guid(aac110f1a88e953458157379a2377004) Importer(815301076,1909f56bfc062723c751e8b465ee728b)
Start importing Assets/VisualizationOfSortings/Scripts/Characters/mParent.cs using Guid(aac110f1a88e953458157379a2377004) Importer(815301076,1909f56bfc062723c751e8b465ee728b)  -> (artifact id: 'f809a1cd776779012c6e663788e77bdb') in 0.004480 seconds
  Import took 0.009794 seconds .

========================================================================
Received Prepare
Registering precompiled user dll's ...
Registered in 0.001107 seconds.
Begin MonoManager ReloadAssembly
Native extension for WindowsStandalone target not found
Refreshing native plugins compatible for Editor in 0.38 ms, found 0 plugins.
Preloading 0 native plugins for Editor in 0.00 ms.
Mono: successfully reloaded assembly
- Completed reload, in  0.953 seconds
Platform modules already initialized, skipping
Shader 'Universal Render Pipeline/Particles/Lit': fallback shader 'Universal Render Pipeline/Particles/SimpleLit' not found
Shader 'Universal Render Pipeline/Particles/Lit': fallback shader 'Universal Render Pipeline/Particles/SimpleLit' not found
Refreshing native plugins compatible for Editor in 0.38 ms, found 0 plugins.
Preloading 0 native plugins for Editor in 0.00 ms.
Unloading 2581 Unused Serialized files (Serialized files now loaded: 0)
System memory in use before: 121.2 MB.
System memory in use after: 118.4 MB.

Unloading 42 unused Assets to reduce memory usage. Loaded Objects now: 3077.
Total: 3.988000 ms (FindLiveObjects: 0.200000 ms CreateObjectMapping: 0.094400 ms MarkObjects: 2.395200 ms  DeleteObjects: 1.297800 ms)

========================================================================
Received Prepare
Registering precompiled user dll's ...
Registered in 0.001116 seconds.
Begin MonoManager ReloadAssembly
Native extension for WindowsStandalone target not found
Refreshing native plugins compatible for Editor in 0.44 ms, found 0 plugins.
Preloading 0 native plugins for Editor in 0.00 ms.
Mono: successfully reloaded assembly
- Completed reload, in  1.127 seconds
Platform modules already initialized, skipping
Shader 'Universal Render Pipeline/Particles/Lit': fallback shader 'Universal Render Pipeline/Particles/SimpleLit' not found
Shader 'Universal Render Pipeline/Particles/Lit': fallback shader 'Universal Render Pipeline/Particles/SimpleLit' not found
Refreshing native plugins compatible for Editor in 0.41 ms, found 0 plugins.
Preloading 0 native plugins for Editor in 0.00 ms.
Unloading 2581 Unused Serialized files (Serialized files now loaded: 0)
System memory in use before: 121.1 MB.
System memory in use after: 118.4 MB.

Unloading 41 unused Assets to reduce memory usage. Loaded Objects now: 3080.
Total: 4.497800 ms (FindLiveObjects: 0.220900 ms CreateObjectMapping: 0.114700 ms MarkObjects: 2.707400 ms  DeleteObjects: 1.453800 ms)

========================================================================
Received Import Request.
  Time since last request: 397.995629 seconds.
  path: Assets/VisualizationOfSortings/Scripts/Characters/RigController.cs
  artifactKey: Guid(3de289ff0fa5c154ebc0ca0b12018535) Importer(815301076,1909f56bfc062723c751e8b465ee728b)
Start importing Assets/VisualizationOfSortings/Scripts/Characters/RigController.cs using Guid(3de289ff0fa5c154ebc0ca0b12018535) Importer(815301076,1909f56bfc062723c751e8b465ee728b)  -> (artifact id: '16078bdfb26f0f4b2b0a0420c7ea9441') in 0.004122 seconds
  Import took 0.007740 seconds .

========================================================================
Received Prepare
Registering precompiled user dll's ...
Registered in 0.001065 seconds.
Begin MonoManager ReloadAssembly
Native extension for WindowsStandalone target not found
Refreshing native plugins compatible for Editor in 0.82 ms, found 0 plugins.
Preloading 0 native plugins for Editor in 0.00 ms.
Mono: successfully reloaded assembly
- Completed reload, in  0.985 seconds
Platform modules already initialized, skipping
Shader 'Universal Render Pipeline/Particles/Lit': fallback shader 'Universal Render Pipeline/Particles/SimpleLit' not found
Shader 'Universal Render Pipeline/Particles/Lit': fallback shader 'Universal Render Pipeline/Particles/SimpleLit' not found
Refreshing native plugins compatible for Editor in 0.39 ms, found 0 plugins.
Preloading 0 native plugins for Editor in 0.00 ms.
Unloading 2581 Unused Serialized files (Serialized files now loaded: 0)
System memory in use before: 121.1 MB.
System memory in use after: 118.3 MB.

Unloading 41 unused Assets to reduce memory usage. Loaded Objects now: 3083.
Total: 4.315900 ms (FindLiveObjects: 0.216800 ms CreateObjectMapping: 0.090300 ms MarkObjects: 2.701500 ms  DeleteObjects: 1.306400 ms)

========================================================================
Received Prepare
Registering precompiled user dll's ...
Registered in 0.001154 seconds.
Begin MonoManager ReloadAssembly
Native extension for WindowsStandalone target not found
Refreshing native plugins compatible for Editor in 0.38 ms, found 0 plugins.
Preloading 0 native plugins for Editor in 0.00 ms.
Mono: successfully reloaded assembly
- Completed reload, in  0.900 seconds
Platform modules already initialized, skipping
Shader 'Universal Render Pipeline/Particles/Lit': fallback shader 'Universal Render Pipeline/Particles/SimpleLit' not found
Shader 'Universal Render Pipeline/Particles/Lit': fallback shader 'Universal Render Pipeline/Particles/SimpleLit' not found
Refreshing native plugins compatible for Editor in 0.41 ms, found 0 plugins.
Preloading 0 native plugins for Editor in 0.00 ms.
Unloading 2581 Unused Serialized files (Serialized files now loaded: 0)
System memory in use before: 121.2 MB.
System memory in use after: 118.4 MB.

Unloading 41 unused Assets to reduce memory usage. Loaded Objects now: 3086.
Total: 4.093100 ms (FindLiveObjects: 0.219700 ms CreateObjectMapping: 0.091100 ms MarkObjects: 2.470200 ms  DeleteObjects: 1.311300 ms)

========================================================================
Received Prepare
Registering precompiled user dll's ...
Registered in 0.001066 seconds.
Begin MonoManager ReloadAssembly
Native extension for WindowsStandalone target not found
Refreshing native plugins compatible for Editor in 0.53 ms, found 0 plugins.
Preloading 0 native plugins for Editor in 0.00 ms.
Mono: successfully reloaded assembly
- Completed reload, in  0.932 seconds
Platform modules already initialized, skipping
Shader 'Universal Render Pipeline/Particles/Lit': fallback shader 'Universal Render Pipeline/Particles/SimpleLit' not found
Shader 'Universal Render Pipeline/Particles/Lit': fallback shader 'Universal Render Pipeline/Particles/SimpleLit' not found
Refreshing native plugins compatible for Editor in 0.39 ms, found 0 plugins.
Preloading 0 native plugins for Editor in 0.00 ms.
Unloading 2581 Unused Serialized files (Serialized files now loaded: 0)
System memory in use before: 121.2 MB.
System memory in use after: 118.4 MB.

Unloading 41 unused Assets to reduce memory usage. Loaded Objects now: 3089.
Total: 4.048300 ms (FindLiveObjects: 0.228700 ms CreateObjectMapping: 0.096100 ms MarkObjects: 2.344400 ms  DeleteObjects: 1.378300 ms)

========================================================================
Received Prepare
Registering precompiled user dll's ...
Registered in 0.001480 seconds.
Begin MonoManager ReloadAssembly
Native extension for WindowsStandalone target not found
Refreshing native plugins compatible for Editor in 0.46 ms, found 0 plugins.
Preloading 0 native plugins for Editor in 0.00 ms.
Mono: successfully reloaded assembly
- Completed reload, in  1.099 seconds
Platform modules already initialized, skipping
Shader 'Universal Render Pipeline/Particles/Lit': fallback shader 'Universal Render Pipeline/Particles/SimpleLit' not found
Shader 'Universal Render Pipeline/Particles/Lit': fallback shader 'Universal Render Pipeline/Particles/SimpleLit' not found
Refreshing native plugins compatible for Editor in 0.46 ms, found 0 plugins.
Preloading 0 native plugins for Editor in 0.00 ms.
Unloading 2581 Unused Serialized files (Serialized files now loaded: 0)
System memory in use before: 121.2 MB.
System memory in use after: 118.4 MB.

Unloading 41 unused Assets to reduce memory usage. Loaded Objects now: 3092.
Total: 4.665900 ms (FindLiveObjects: 0.276200 ms CreateObjectMapping: 0.143900 ms MarkObjects: 2.489500 ms  DeleteObjects: 1.754800 ms)

========================================================================
Received Prepare
Registering precompiled user dll's ...
Registered in 0.001351 seconds.
Begin MonoManager ReloadAssembly
Native extension for WindowsStandalone target not found
Refreshing native plugins compatible for Editor in 0.48 ms, found 0 plugins.
Preloading 0 native plugins for Editor in 0.00 ms.
Mono: successfully reloaded assembly
- Completed reload, in  1.365 seconds
Platform modules already initialized, skipping
Shader 'Universal Render Pipeline/Particles/Lit': fallback shader 'Universal Render Pipeline/Particles/SimpleLit' not found
Shader 'Universal Render Pipeline/Particles/Lit': fallback shader 'Universal Render Pipeline/Particles/SimpleLit' not found
Refreshing native plugins compatible for Editor in 0.46 ms, found 0 plugins.
Preloading 0 native plugins for Editor in 0.00 ms.
Unloading 2581 Unused Serialized files (Serialized files now loaded: 0)
System memory in use before: 121.2 MB.
System memory in use after: 118.4 MB.

Unloading 41 unused Assets to reduce memory usage. Loaded Objects now: 3095.
Total: 5.141200 ms (FindLiveObjects: 0.413800 ms CreateObjectMapping: 0.193700 ms MarkObjects: 2.566100 ms  DeleteObjects: 1.966300 ms)

========================================================================
Received Import Request.
  Time since last request: 979.519748 seconds.
  path: Assets/VisualizationOfSortings/Scripts/Characters/CharacterController.cs
  artifactKey: Guid(b2fac05aacbf50047bfe3b0b85254588) Importer(815301076,1909f56bfc062723c751e8b465ee728b)
Start importing Assets/VisualizationOfSortings/Scripts/Characters/CharacterController.cs using Guid(b2fac05aacbf50047bfe3b0b85254588) Importer(815301076,1909f56bfc062723c751e8b465ee728b)  -> (artifact id: 'b870a215ca23fed056c386ec7f9e65da') in 0.006153 seconds
  Import took 0.015038 seconds .

========================================================================
Received Import Request.
  Time since last request: 0.017372 seconds.
  path: Assets/VisualizationOfSortings/Scripts/Characters/CharacterController.cs
  artifactKey: Guid(b2fac05aacbf50047bfe3b0b85254588) Importer(815301076,1909f56bfc062723c751e8b465ee728b)
Start importing Assets/VisualizationOfSortings/Scripts/Characters/CharacterController.cs using Guid(b2fac05aacbf50047bfe3b0b85254588) Importer(815301076,1909f56bfc062723c751e8b465ee728b)  -> (artifact id: 'b870a215ca23fed056c386ec7f9e65da') in 0.001290 seconds
  Import took 0.005446 seconds .

========================================================================
Received Import Request.
  Time since last request: 5.162178 seconds.
  path: Assets/VisualizationOfSortings/Scripts/SortingManager.cs
  artifactKey: Guid(3673ae046da652e419bd265827c77f9f) Importer(815301076,1909f56bfc062723c751e8b465ee728b)
Start importing Assets/VisualizationOfSortings/Scripts/SortingManager.cs using Guid(3673ae046da652e419bd265827c77f9f) Importer(815301076,1909f56bfc062723c751e8b465ee728b)  -> (artifact id: '2a219470f26c73def833fdfe4240c758') in 0.001444 seconds
  Import took 0.007141 seconds .

========================================================================
Received Import Request.
  Time since last request: 0.002068 seconds.
  path: Assets/VisualizationOfSortings/Scripts/SortingManager.cs
  artifactKey: Guid(3673ae046da652e419bd265827c77f9f) Importer(815301076,1909f56bfc062723c751e8b465ee728b)
Start importing Assets/VisualizationOfSortings/Scripts/SortingManager.cs using Guid(3673ae046da652e419bd265827c77f9f) Importer(815301076,1909f56bfc062723c751e8b465ee728b)  -> (artifact id: '2a219470f26c73def833fdfe4240c758') in 0.001782 seconds
  Import took 0.006082 seconds .

========================================================================
Received Import Request.
  Time since last request: 1.044142 seconds.
  path: Assets/VisualizationOfSortings/Scripts/SortingElementsManager.cs
  artifactKey: Guid(eef3d63ef15a6f94a8379ab5c3ea6eeb) Importer(815301076,1909f56bfc062723c751e8b465ee728b)
Start importing Assets/VisualizationOfSortings/Scripts/SortingElementsManager.cs using Guid(eef3d63ef15a6f94a8379ab5c3ea6eeb) Importer(815301076,1909f56bfc062723c751e8b465ee728b)  -> (artifact id: '3b9abe6d093a0d394031743c0550e25b') in 0.001577 seconds
  Import took 0.006201 seconds .

========================================================================
Received Import Request.
  Time since last request: 0.002474 seconds.
  path: Assets/VisualizationOfSortings/Scripts/SortingElementsManager.cs
  artifactKey: Guid(eef3d63ef15a6f94a8379ab5c3ea6eeb) Importer(815301076,1909f56bfc062723c751e8b465ee728b)
Start importing Assets/VisualizationOfSortings/Scripts/SortingElementsManager.cs using Guid(eef3d63ef15a6f94a8379ab5c3ea6eeb) Importer(815301076,1909f56bfc062723c751e8b465ee728b)  -> (artifact id: '3b9abe6d093a0d394031743c0550e25b') in 0.001398 seconds
  Import took 0.006163 seconds .

